[2020-03-06 22:15:44] START
[2020-03-06 22:18:15] EDIT Kandydat/models/db.py: 2
[2020-03-06 22:19:03] EDIT Kandydat/controllers/default.py: 0
[2020-03-06 22:19:37] EDIT Kandydat/views/default/index.html: -45
[2020-03-06 22:31:31] EDIT Kandydat/views/default/index.html: 0
[2020-03-06 22:46:33] EDIT Kandydat/models/db.py: 1
[2020-03-06 22:46:42] EDIT Kandydat/models/db.py: 0
[2020-03-06 22:56:41] EDIT Kandydat/models/db.py: 6
[2020-03-06 23:00:56] EDIT Kandydat/models/db.py: 0
[2020-03-06 23:01:54] EDIT Kandydat/models/db.py: 0
[2020-03-06 23:07:53] EDIT Kandydat/views/default/index.html: 2
[2020-03-06 23:14:39] EDIT Kandydat/views/default/index.html: 0
[2020-03-06 23:16:02] EDIT Kandydat/views/default/index.html: 0
[2020-03-06 23:22:36] EDIT Kandydat/views/default/index.html: 0
[2020-03-06 23:23:38] EDIT Kandydat/views/default/index.html: 0
[2020-03-06 23:24:45] EDIT Kandydat/views/default/index.html: 0
[2020-03-06 23:25:34] EDIT Kandydat/views/default/index.html: 0
[2020-03-06 23:26:35] EDIT Kandydat/views/default/index.html: 0
[2020-03-06 23:27:46] EDIT Kandydat/views/default/index.html: 0
[2020-03-06 23:28:21] EDIT Kandydat/views/default/index.html: 0
[2020-03-06 23:29:09] EDIT Kandydat/views/default/index.html: 0
[2020-03-06 23:31:58] EDIT Kandydat/views/default/index.html: 2
[2020-03-06 23:34:38] EDIT Kandydat/views/default/index.html: 0
[2020-03-06 23:35:26] EDIT Kandydat/views/default/index.html: -2
[2020-03-06 23:36:29] EDIT Kandydat/views/default/index.html: 2
[2020-03-06 23:37:20] EDIT Kandydat/views/default/index.html: -2
[2020-03-06 23:42:58] EDIT Kandydat/views/default/index.html: 1
[2020-03-06 23:45:18] EDIT Kandydat/views/default/index.html: -2
[2020-03-06 23:50:24] EDIT Kandydat/views/layout.html: 2
[2020-03-06 23:56:23] EDIT Kandydat/views/layout.html: 0
[2020-03-07 21:47:42] EDIT Kandydat/views/default/index.html: 0
[2020-03-07 21:49:39] EDIT Kandydat/views/default/index.html: 0
[2020-03-07 21:51:28] EDIT Kandydat/views/layout.html: 0
[2020-03-07 21:54:52] EDIT Kandydat/views/layout.html: 0
[2020-03-07 21:56:31] EDIT Kandydat/views/layout.html: 0
[2020-03-07 22:26:49] EDIT Kandydat/views/layout.html: 1
[2020-03-07 22:28:43] EDIT Kandydat/views/layout.html: 0
[2020-03-07 22:32:01] EDIT Kandydat/views/layout.html: 0
[2020-03-07 22:38:04] EDIT Kandydat/views/layout.html: 0
[2020-03-07 22:43:58] EDIT Kandydat/views/layout.html: -1
[2020-03-07 22:45:49] EDIT Kandydat/views/layout.html: 1
[2020-03-07 22:47:23] EDIT Kandydat/views/layout.html: 0
[2020-03-07 22:49:33] EDIT Kandydat/views/layout.html: 0
[2020-03-07 22:51:16] EDIT Kandydat/views/layout.html: 0
