timestamp: 2020-03-06T22:16:01.956000
CREATE TABLE "auth_user"(
    "id" INTEGER PRIMARY KEY AUTOINCREMENT,
    "first_name" CHAR(128),
    "last_name" CHAR(128),
    "email" CHAR(512),
    "password" CHAR(512),
    "registration_key" CHAR(512),
    "reset_password_key" CHAR(512),
    "registration_id" CHAR(512)
);
success!
timestamp: 2020-03-06T22:16:02.354000
CREATE TABLE "auth_group"(
    "id" INTEGER PRIMARY KEY AUTOINCREMENT,
    "role" CHAR(512),
    "description" TEXT
);
success!
timestamp: 2020-03-06T22:16:02.635000
CREATE TABLE "auth_membership"(
    "id" INTEGER PRIMARY KEY AUTOINCREMENT,
    "user_id" INTEGER REFERENCES "auth_user" ("id") ON DELETE CASCADE  ,
    "group_id" INTEGER REFERENCES "auth_group" ("id") ON DELETE CASCADE  
);
success!
timestamp: 2020-03-06T22:16:02.940000
CREATE TABLE "auth_permission"(
    "id" INTEGER PRIMARY KEY AUTOINCREMENT,
    "group_id" INTEGER REFERENCES "auth_group" ("id") ON DELETE CASCADE  ,
    "name" CHAR(512),
    "table_name" CHAR(512),
    "record_id" INTEGER
);
success!
timestamp: 2020-03-06T22:16:03.251000
CREATE TABLE "auth_event"(
    "id" INTEGER PRIMARY KEY AUTOINCREMENT,
    "time_stamp" TIMESTAMP,
    "client_ip" CHAR(512),
    "user_id" INTEGER REFERENCES "auth_user" ("id") ON DELETE CASCADE  ,
    "origin" CHAR(512),
    "description" TEXT
);
success!
timestamp: 2020-03-06T22:16:03.723000
CREATE TABLE "auth_cas"(
    "id" INTEGER PRIMARY KEY AUTOINCREMENT,
    "user_id" INTEGER REFERENCES "auth_user" ("id") ON DELETE CASCADE  ,
    "created_on" TIMESTAMP,
    "service" CHAR(512),
    "ticket" CHAR(512),
    "renew" CHAR(1)
);
success!
timestamp: 2020-03-06T22:18:38.070000
CREATE TABLE "Kandydaci"(
    "id" INTEGER PRIMARY KEY AUTOINCREMENT,
    "img" CHAR(512)
);
success!
timestamp: 2020-03-06T22:46:50.228000
ALTER TABLE "Kandydaci" ADD "Nazwisko" CHAR(512);
success!
timestamp: 2020-03-06T23:02:02.316000
ALTER TABLE "Kandydaci" ADD "Imie" CHAR(512);
timestamp: 2020-03-06T23:02:02.482000
ALTER TABLE "Kandydaci" ADD "Wiek" INTEGER;
timestamp: 2020-03-06T23:02:02.564000
ALTER TABLE "Kandydaci" ADD "Sondaz_Cbos" INTEGER;
timestamp: 2020-03-06T23:02:02.646000
ALTER TABLE "Kandydaci" ADD "Data_sondazu" DATE;
timestamp: 2020-03-06T23:02:02.723000
ALTER TABLE "Kandydaci" ADD "Sondaz_Kantar" INTEGER;
success!
